<?xml version="1.0" encoding="UTF-8"?>
<testsuite name="com.talentsaurus.candidateprofile.CandidateProfileApplicationTests" tests="1" skipped="0" failures="0" errors="0" timestamp="2026-04-28T16:25:29.195Z" hostname="Williams-MacBook-Pro.local" time="1.776">
  <properties/>
  <testcase name="contextLoads()" classname="com.talentsaurus.candidateprofile.CandidateProfileApplicationTests" time="0.215"/>
  <system-out><![CDATA[12:25:29.264 [Test worker] INFO org.springframework.test.context.support.AnnotationConfigContextLoaderUtils -- Could not detect default configuration classes for test class [com.talentsaurus.candidateprofile.CandidateProfileApplicationTests]: CandidateProfileApplicationTests does not declare any static, non-private, non-final, nested classes annotated with @Configuration.
12:25:29.314 [Test worker] INFO org.springframework.boot.test.context.SpringBootTestContextBootstrapper -- Found @SpringBootConfiguration com.talentsaurus.candidateprofile.CandidateProfileApplication for test class com.talentsaurus.candidateprofile.CandidateProfileApplicationTests
12:25:29.342 [Test worker] INFO org.springframework.test.context.support.AnnotationConfigContextLoaderUtils -- Could not detect default configuration classes for test class [com.talentsaurus.candidateprofile.CandidateProfileApplicationTests]: CandidateProfileApplicationTests does not declare any static, non-private, non-final, nested classes annotated with @Configuration.
12:25:29.343 [Test worker] INFO org.springframework.boot.test.context.SpringBootTestContextBootstrapper -- Found @SpringBootConfiguration com.talentsaurus.candidateprofile.CandidateProfileApplication for test class com.talentsaurus.candidateprofile.CandidateProfileApplicationTests

  .   ____          _            __ _ _
 /\\ / ___'_ __ _ _(_)_ __  __ _ \ \ \ \
( ( )\___ | '_ | '_| | '_ \/ _` | \ \ \ \
 \\/  ___)| |_)| | | | | || (_| |  ) ) ) )
  '  |____| .__|_| |_|_| |_\__, | / / / /
 =========|_|==============|___/=/_/_/_/

 :: Spring Boot ::                (v4.0.5)

2026-04-28T12:25:29.468-04:00  INFO 27608 --- [    Test worker] c.t.c.CandidateProfileApplicationTests   : Starting CandidateProfileApplicationTests using Java 21.0.10 with PID 27608 (started by bill in /Users/bill/dev/talentsaurus/services/candidate-profile)
2026-04-28T12:25:29.469-04:00  INFO 27608 --- [    Test worker] c.t.c.CandidateProfileApplicationTests   : No active profile set, falling back to 1 default profile: "default"
2026-04-28T12:25:29.665-04:00  INFO 27608 --- [    Test worker] .s.d.r.c.RepositoryConfigurationDelegate : Bootstrapping Spring Data JPA repositories in DEFAULT mode.
2026-04-28T12:25:29.684-04:00  INFO 27608 --- [    Test worker] .s.d.r.c.RepositoryConfigurationDelegate : Finished Spring Data repository scanning in 15 ms. Found 1 JPA repository interface.
2026-04-28T12:25:29.829-04:00  INFO 27608 --- [    Test worker] org.hibernate.orm.jpa                    : HHH008540: Processing PersistenceUnitInfo [name: default]
2026-04-28T12:25:29.854-04:00  INFO 27608 --- [    Test worker] org.hibernate.orm.core                   : HHH000001: Hibernate ORM core version 7.2.7.Final
2026-04-28T12:25:29.992-04:00  INFO 27608 --- [    Test worker] o.s.o.j.p.SpringPersistenceUnitInfo      : No LoadTimeWeaver setup: ignoring JPA class transformer
2026-04-28T12:25:30.002-04:00  INFO 27608 --- [    Test worker] com.zaxxer.hikari.HikariDataSource       : HikariPool-1 - Starting...
2026-04-28T12:25:30.055-04:00  INFO 27608 --- [    Test worker] com.zaxxer.hikari.pool.HikariPool        : HikariPool-1 - Added connection conn0: url=jdbc:h2:mem:candidate-profile-test user=SA
2026-04-28T12:25:30.056-04:00  INFO 27608 --- [    Test worker] com.zaxxer.hikari.HikariDataSource       : HikariPool-1 - Start completed.
2026-04-28T12:25:30.074-04:00  INFO 27608 --- [    Test worker] org.hibernate.orm.connections.pooling    : HHH10001005: Database info:
	Database JDBC URL [jdbc:h2:mem:candidate-profile-test]
	Database driver: H2 JDBC Driver
	Database dialect: H2Dialect
	Database version: 2.4.240
	Default catalog/schema: CANDIDATE-PROFILE-TEST/PUBLIC
	Autocommit mode: undefined/unknown
	Isolation level: READ_COMMITTED [default READ_COMMITTED]
	JDBC fetch size: 100
	Pool: DataSourceConnectionProvider
	Minimum pool size: undefined/unknown
	Maximum pool size: undefined/unknown
2026-04-28T12:25:30.409-04:00  INFO 27608 --- [    Test worker] org.hibernate.orm.core                   : HHH000489: No JTA platform available (set 'hibernate.transaction.jta.platform' to enable JTA platform integration)
2026-04-28T12:25:30.435-04:00  INFO 27608 --- [    Test worker] j.LocalContainerEntityManagerFactoryBean : Initialized JPA EntityManagerFactory for persistence unit 'default'
2026-04-28T12:25:30.476-04:00  INFO 27608 --- [    Test worker] o.s.d.j.r.query.QueryEnhancerFactories   : Hibernate is in classpath; If applicable, HQL parser will be used.
2026-04-28T12:25:30.750-04:00  INFO 27608 --- [    Test worker] c.t.c.CandidateProfileApplicationTests   : Started CandidateProfileApplicationTests in 1.376 seconds (process running for 2.075)
]]></system-out>
  <system-err><![CDATA[Mockito is currently self-attaching to enable the inline-mock-maker. This will no longer work in future releases of the JDK. Please add Mockito as an agent to your build as described in Mockito's documentation: https://javadoc.io/doc/org.mockito/mockito-core/latest/org.mockito/org/mockito/Mockito.html#0.3
WARNING: A Java agent has been loaded dynamically (/private/var/folders/2k/jr8sj3bj10j61x9p6mtd4k2m0000gn/T/cursor-sandbox-cache/e9dd26198d9717150e400aafb3d530af/gradle/caches/modules-2/files-2.1/net.bytebuddy/byte-buddy-agent/1.17.8/f09415827a71be7ed621c7bd02550678f28bc81c/byte-buddy-agent-1.17.8.jar)
WARNING: If a serviceability tool is in use, please run with -XX:+EnableDynamicAgentLoading to hide this warning
WARNING: If a serviceability tool is not in use, please run with -Djdk.instrument.traceUsage for more information
WARNING: Dynamic loading of agents will be disallowed by default in a future release
]]></system-err>
</testsuite>
